<?xml version="1.0" encoding="UTF-8"?>
<testng-results ignored="0" total="1" passed="1" failed="0" skipped="0">
  <reporter-output>
  </reporter-output>
  <suite started-at="2024-02-27T12:15:47 IST" name="Default suite" finished-at="2024-02-27T12:15:47 IST" duration-ms="51">
    <groups>
    </groups>
    <test started-at="2024-02-27T12:15:47 IST" name="Default test" finished-at="2024-02-27T12:15:47 IST" duration-ms="51">
      <class name="pack.NewTest1">
        <test-method signature="f()[pri:0, instance:pack.NewTest1@2f8dad04]" started-at="2024-02-27T12:15:47 IST" name="f" finished-at="2024-02-27T12:15:47 IST" duration-ms="8" status="PASS">
          <reporter-output>
          </reporter-output>
        </test-method> <!-- f -->
      </class> <!-- pack.NewTest1 -->
    </test> <!-- Default test -->
  </suite> <!-- Default suite -->
</testng-results>
